<?xml version="1.0" encoding="UTF-8"?>
<testsuite xmlns:xsi="http://www.w3.org/2001/XMLSchema-instance" xsi:noNamespaceSchemaLocation="https://maven.apache.org/surefire/maven-surefire-plugin/xsd/surefire-test-report-3.0.xsd" version="3.0" name="com.pbo.ipcalculator.OktetTest" time="0.1" tests="9" errors="0" skipped="0" failures="0">
  <properties>
[...]
</properties>
  <testcase name="test1" classname="com.pbo.ipcalculator.OktetTest" time="0.045"/>
  <testcase name="test2" classname="com.pbo.ipcalculator.OktetTest" time="0.002"/>
  <testcase name="test3" classname="com.pbo.ipcalculator.OktetTest" time="0.001"/>
  <testcase name="test4" classname="com.pbo.ipcalculator.OktetTest" time="0.002"/>
  <testcase name="test5" classname="com.pbo.ipcalculator.OktetTest" time="0.002"/>
  <testcase name="test6" classname="com.pbo.ipcalculator.OktetTest" time="0.002"/>
  <testcase name="test7" classname="com.pbo.ipcalculator.OktetTest" time="0.002"/>
  <testcase name="test8" classname="com.pbo.ipcalculator.OktetTest" time="0.002"/>
  <testcase name="test9" classname="com.pbo.ipcalculator.OktetTest" time="0.002"/>
</testsuite>